	Exporter version: 4.6.1, Blender version: 2.78 (sub 0)
========= Conversion from Blender to Babylon.js =========
	Scene settings used:
		selected layers only:  false
		flat shading entire scene:  false
		inline textures:  false
		texture directory:  C:\Users\USER\Desktop\BinusInter\Sem 4\Computer Graphics\Lab\Finalproject\
	Python World class constructor completed
	processing begun of skeleton:  Armature, id:  0
		processing begun of bone:  Bone, index:  0
		processing begun of bone:  Bone.001, index:  1
		processing begun of bone:  Bone.002, index:  2
		processing begun of bone:  Bone.003, index:  3
		processing begun of bone:  Bone.004, index:  4
		processing begun of bone:  Bone.005, index:  5
		processing begun of bone:  Bone.007, index:  6
		processing begun of bone:  Bone.008, index:  7
		processing begun of bone:  Bone.009, index:  8
		processing begun of bone:  Bone.011, index:  9
		processing begun of bone:  Bone.012, index:  10
		processing begun of bone:  Bone.013, index:  11
		processing begun of bone:  Bone.015, index:  12
		processing begun of bone:  Bone.016, index:  13
		processing begun of bone:  Bone.017, index:  14
		processing begun of bone:  Bone.019, index:  15
		processing begun of bone:  Bone.020, index:  16
		processing begun of bone:  Bone.021, index:  17
		processing begun of bone:  Bone.039, index:  18
		processing begun of bone:  Bone.040, index:  19
		processing begun of bone:  Bone.006, index:  20
		processing begun of bone:  Bone.010, index:  21
		processing begun of bone:  Bone.014, index:  22
		processing begun of bone:  Bone.018, index:  23
		processing begun of bone:  Bone.022, index:  24
		processing begun of bone:  Bone.023, index:  25
		processing begun of bone:  Bone.024, index:  26
		processing begun of bone:  Bone.025, index:  27
		processing begun of bone:  Bone.026, index:  28
		processing begun of bone:  Bone.027, index:  29
		processing begun of bone:  Bone.028, index:  30
		processing begun of bone:  Bone.029, index:  31
		processing begun of bone:  Bone.030, index:  32
		processing begun of bone:  Bone.031, index:  33
		processing begun of bone:  Bone.032, index:  34
		processing begun of bone:  Bone.033, index:  35
		processing begun of bone:  Bone.034, index:  36
		processing begun of bone:  Bone.035, index:  37
		processing begun of bone:  Bone.036, index:  38
		processing begun of bone:  Bone.037, index:  39
		processing begun of bone:  Bone.042, index:  40
		processing begun of bone:  Bone.043, index:  41
		processing begun of bone:  Bone.038, index:  42
		processing begun of bone:  Bone.041, index:  43
		processing begun of bone:  Bone.044, index:  44
		processing begun of bone:  Bone.045, index:  45
		processing begun of bone:  Bone.047, index:  46
		processing begun of bone:  Bone.049, index:  47
		processing begun of bone:  Bone.051, index:  48
		processing begun of bone:  Bone.053, index:  49
		processing begun of bone:  Bone.046, index:  50
		processing begun of bone:  Bone.048, index:  51
		processing begun of bone:  Bone.050, index:  52
		processing begun of bone:  Bone.052, index:  53
		processing begun of bone:  Bone.054, index:  54
		processing action Action:  in[1 - 60], out[0 - 60]
	processing begun of camera (FreeCamera):  Camera
	processing begun of mesh:  Plane
		processing begun of Standard material:  Material.001
		num positions      :  4
		num normals        :  4
		num uvs            :  0
		num uvs2           :  0
		num colors         :  0
		num indices        :  6
	processing begun of mesh:  Batman
========= An error was encountered =========
  File "C:\Users\USER\AppData\Roaming\Blender Foundation\Blender\2.78\scripts\addons\io_export_babylon.py", line 330, in execute
    mesh = Mesh(object, scene, nextStartFace, forcedParent, nameID, self)
  File "C:\Users\USER\AppData\Roaming\Blender Foundation\Blender\2.78\scripts\addons\io_export_babylon.py", line 780, in __init__
    recipe = BakingRecipe(object)
  File "C:\Users\USER\AppData\Roaming\Blender Foundation\Blender\2.78\scripts\addons\io_export_babylon.py", line 1872, in __init__
    self.backFaceCulling &= material.game_settings.use_backface_culling
ERROR:  'NoneType' object has no attribute 'game_settings'
========= end of processing =========
elapsed time:  0 min, 1.5887 secs
