	Exporter version: 4.6.1, Blender version: 2.78 (sub 0)
========= Conversion from Blender to Babylon.js =========
	Scene settings used:
		selected layers only:  false
		flat shading entire scene:  false
		inline textures:  false
		texture directory:  C:\Users\USER\Desktop\BinusInter\Sem 4\Computer Graphics\Lab\Finalproject\
	Python World class constructor completed
	processing begun of mesh:  Cube.001
		processing begun of Standard material:  Material.001
		num positions      :  112
		num normals        :  112
		num uvs            :  0
		num uvs2           :  0
		num colors         :  0
		num indices        :  636
	processing begun of mesh:  Cube
		processing begun of Standard material:  Material
		num positions      :  8
		num normals        :  8
		num uvs            :  0
		num uvs2           :  0
		num colors         :  0
		num indices        :  36
	processing begun of camera (FreeCamera):  Camera
	processing begun of light (POINT):  Lamp
========= Writing of scene file started =========
========= Writing of scene file completed =========
========= end of processing =========
elapsed time:  0 min, 0.2472 secs
